=== Reviewing PR #2111 ===
REVIEW_STARTED=2026-05-19T10:39:27Z

[Phase A] Gathering intelligence...
Context file written to `/Users/cyrus/Desktop/automation/review-pr/tinyhumansai-openhuman/.context-PR-2111.md`.

**Summary**: PR #2111 is a well-executed security fix that closes a symlink bypass vulnerability (issue #1927). Key findings:

- **4 commits**, 11 files, +383/-227 lines. All Rust core security + filesystem tools.
- **Fresh review** — no prior graycyrus review exists.
- **CodeRabbit**: Initially flagged 3 issues (2 critical, 1 major), all addressed in follow-up commits. Final status: **APPROVED**.
- **All 3 review threads resolved**. One low-value nitpick remains (`/etc/hostname` vs `/etc/hosts` in tests).
- **Issue alignment**: Perfect match with #1927 acceptance criteria.
- **Tests**: 8 new async tests covering all symlink attack vectors.
- **No dependency changes**, no signature breaks for external callers.

[Phase B] Deep review + posting...
PR #2111: fresh, 0 critical, 1 major, 2 minor, 0 threads resolved, 0 still open → REQUEST_CHANGES
REVIEW_ENDED=2026-05-19T10:47:37Z

[Git] Committing and pushing review outputs...
[main 0ac716c] Review PR #2111
 11 files changed, 6140 insertions(+), 148 deletions(-)
 create mode 100644 tinyhumansai-openhuman/.context-PR-2059.md
 create mode 100644 tinyhumansai-openhuman/.context-PR-2063.md
 create mode 100644 tinyhumansai-openhuman/.context-PR-2145.md
 create mode 100644 tinyhumansai-openhuman/.context-PR-2150.md
 create mode 100644 tinyhumansai-openhuman/.context-PR-2153.md
 delete mode 100644 tinyhumansai-openhuman/PR-2034.md
 create mode 100644 tinyhumansai-openhuman/PR-2111.md
 delete mode 100644 tinyhumansai-openhuman/PR-2175.md
 delete mode 100644 to-be-approved/PR-2045.md
 delete mode 100644 to-be-approved/PR-2060.md
 delete mode 100644 to-be-approved/PR-2167.md
From github.com:graycyrus/automation-review-pr
 * branch            main       -> FETCH_HEAD
Current branch main is up to date.
To github.com:graycyrus/automation-review-pr.git
   ec21564..0ac716c  main -> main

=== Done ===
