=== Reviewing PR #1816 ===
REVIEW_STARTED=2026-05-15T20:37:53Z

[Phase A] Gathering intelligence...
Context file written to `/Users/cyrus/Desktop/automation/review-pr/tinyhumansai-openhuman/.context-PR-1816.md`.

**Phase A complete.** Key findings:

- **PR #1816** fixes 3 bugs from issue #983: nuclear localStorage wipe, post-login re-onboarding race, dead API call
- **6 files changed**, +180/-24 lines, 3 commits
- **CodeRabbit's only finding** (sessionStorage in finally block) was already addressed — nothing to duplicate
- **Fresh review** — no prior tracking file
- **Well-aligned** with issue acceptance criteria; minor scope gaps (account-switch logging, read-side leakage guards) are non-blocking
- **Good test coverage**: 5 new DefaultRedirect tests + updated clearAllAppData tests with cross-account assertions
- **No dependency changes**, no signature changes, no Redux shape changes

[Phase B] Deep review + posting...
PR #1816: fresh, 1 major, 1 minor → REQUEST_CHANGES
REVIEW_ENDED=2026-05-15T20:44:52Z

[Git] Committing and pushing review outputs...
[main eb3b879] Review PR #1816
 1 file changed, 29 insertions(+)
 create mode 100644 tinyhumansai-openhuman/PR-1816.md
From github.com:graycyrus/automation-review-pr
 * branch            main       -> FETCH_HEAD
Current branch main is up to date.
To github.com:graycyrus/automation-review-pr.git
   2f5f997..eb3b879  main -> main

=== Done ===
