=== Reviewing PR #1818 ===
REVIEW_STARTED=2026-05-15T19:05:29Z

[Phase A] Gathering intelligence...
Phase A complete. Intelligence context written to `/Users/cyrus/Desktop/automation/review-pr/tinyhumansai-openhuman/.context-PR-1818.md`.

**Summary of findings**:
- **1 file changed**, 58 additions, 6 deletions — focused bug fix
- **Fixes #1814** (Sentry panic OPENHUMAN-TAURI-KC) — all 3 acceptance criteria met
- **Approach**: Removed raw payload from debug logs entirely (stronger than the `floor_char_boundary` approach described in the PR description's Solution section)
- **CodeRabbit**: Approved after PII fix. One unaddressed nitpick (correlation ID in logs)
- **Test**: Thorough regression test with self-validating fixture (`catch_unwind` proves the old code would have panicked)
- **No dependency/signature/export changes**
- **Minor discrepancy**: PR title and Solution section describe UTF-8 boundary rounding, but actual code removes payload from logs entirely (evolved after CodeRabbit feedback across 3 commits)

[Phase B] Deep review + posting...
PR #1818: fresh, 0 critical, 0 major, 1 minor → moved to to-be-approved
REVIEW_ENDED=2026-05-15T19:09:44Z

[Git] Committing and pushing review outputs...
[main 0c09c2f] Review PR #1818
 2 files changed, 28 insertions(+), 205 deletions(-)
 delete mode 100644 tinyhumansai-openhuman/.context-PR-1818.md
 create mode 100644 to-be-approved/PR-1818.md
From github.com:graycyrus/automation-review-pr
 * branch            main       -> FETCH_HEAD
Current branch main is up to date.
To github.com:graycyrus/automation-review-pr.git
   0976fa5..0c09c2f  main -> main

=== Done ===
