=== Reviewing PR #1802 ===
REVIEW_STARTED=2026-05-15T19:36:16Z

[Phase A] Gathering intelligence...
Phase A complete. Context file written to `/Users/cyrus/Desktop/automation/review-pr/tinyhumansai-openhuman/.context-PR-1802.md`.

**Key findings summary:**
- **Clean, focused PR** — 2 files, +132/-1 lines, 1 commit, partial fix for #1797
- **PR-Issue alignment**: Good. Correctly scoped as "Refs" (partial), addresses AC item #2 (calendar date normalization)
- **senamakel has already APPROVED**
- **CodeRabbit flagged**: rustfmt formatting on the constant (twice), date range validation nitpick — we should NOT duplicate these
- **Test coverage**: 8 unit tests, good edge case coverage. Minor gaps: no test for only-one-of timeMin/timeMax, no test for non-string values in time fields
- **Impact**: Low risk. Non-calendar tools hit an early return. No signature changes.
- **Code quality**: Follows module conventions (logging prefix, error patterns, naming). The `.cloned()` call is a minor note but acceptable.

[Phase B] Deep review + posting...
PR #1802: fresh, 0 critical, 0 major, 2 minor → moved to to-be-approved
REVIEW_ENDED=2026-05-15T19:40:32Z

[Git] Committing and pushing review outputs...
[main 1c55edb] Review PR #1802
 2 files changed, 29 insertions(+), 28 deletions(-)
 create mode 100644 to-be-approved/PR-1802.md
 delete mode 100644 to-be-approved/PR-1817.md
Current branch main is up to date.

=== Done ===
From github.com:graycyrus/automation-review-pr
 * branch            main       -> FETCH_HEAD
To github.com:graycyrus/automation-review-pr.git
   d8e7dab..1c55edb  main -> main
