=== Reviewing PR #2063 ===
REVIEW_STARTED=2026-05-19T10:43:11Z

[Phase A] Gathering intelligence...
Phase A complete. Context file written to `/Users/cyrus/Desktop/automation/review-pr/tinyhumansai-openhuman/.context-PR-2063.md`.

**Summary:**
- **1 file changed**: `src/core/observability.rs` (+258 -0, purely additive)
- **3 well-scoped commits**: enum variant, matcher + precedence, tests
- **Fresh review** — no prior graycyrus reviews, no tracking file
- **CodeRabbit approved** with no comments — full review needed
- **No unresolved threads** from any reviewer
- **Excellent test coverage**: 8 tests covering happy path, cross-platform, precedence, negative cases, and integration
- **No dependency changes, no signature changes, no impact concerns**
- **Clean PR**: conventional commit title, thorough description, well-documented code

[Phase B] Deep review + posting...
PR #2063: fresh, 0 critical, 0 major, 0 minor, 0 threads resolved, 0 still open → no issues (already in to-be-approved from prior review on same commit)
REVIEW_ENDED=2026-05-19T10:47:44Z

[Git] Committing and pushing review outputs...
[main 0e612b3] Review PR #2063
 1 file changed, 427 deletions(-)
 delete mode 100644 tinyhumansai-openhuman/.context-PR-2063.md
From github.com:graycyrus/automation-review-pr
 * branch            main       -> FETCH_HEAD
Current branch main is up to date.
To github.com:graycyrus/automation-review-pr.git
   0ac716c..0e612b3  main -> main

=== Done ===
