=== Reviewing PR #2025 ===
REVIEW_STARTED=2026-05-18T09:38:56Z

[Phase A] Gathering intelligence...
Intelligence context file written to `/Users/cyrus/Desktop/automation/review-pr/tinyhumansai-openhuman/.context-PR-2025.md`.

**Phase A complete.** Key findings for Phase B:

- **Fresh review** — no prior graycyrus reviews, all 12 CodeRabbit threads resolved
- **Well-structured PR** — new `desktop_companion` domain module (17 files, +2657 lines), follows existing patterns
- **Issue alignment is good** — PR 1 of 2, Rust core only, defers Tauri/React to PR 2
- **66 tests** (65 unit + 1 E2E), good coverage of session lifecycle, state machine, pointing, handoff
- **Pattern deviations to flag**: missing `PartialEq` on some domain types, missing `#[serde(deny_unknown_fields)]` on inbound params, `config_get` returns hardcoded defaults (config_set is a no-op)
- **No dependency changes**, no security concerns, no breaking changes to existing code

[Phase B] Deep review + posting...
PR #2025: fresh, 3 major, 1 minor, 0 threads resolved, 0 still open → REQUEST_CHANGES
REVIEW_ENDED=2026-05-18T10:01:31Z

[Git] Committing and pushing review outputs...
[main 42ac856] Review PR #2025
 2 files changed, 33 insertions(+), 3049 deletions(-)
 delete mode 100644 tinyhumansai-openhuman/.context-PR-2025.md
 create mode 100644 tinyhumansai-openhuman/PR-2025.md
From github.com:graycyrus/automation-review-pr
 * branch            main       -> FETCH_HEAD
To github.com:graycyrus/automation-review-pr.git
   37a2cb8..42ac856  main -> main
Current branch main is up to date.

=== Done ===
