=== Reviewing PR #1818 ===
REVIEW_STARTED=2026-05-18T06:50:10Z

[Phase A] Gathering intelligence...
Context file written to `/Users/cyrus/Desktop/automation/review-pr/tinyhumansai-openhuman/.context-PR-1818.md`.

**Key findings summary:**
- **PR #1818** is already **MERGED** and was previously **APPROVED by graycyrus**
- Single-file fix for a Sentry-traced fatal panic (OPENHUMAN-TAURI-KC) in socket event handler log truncation
- All 3 acceptance criteria from issue #1814 met; PR exceeded requirements by removing payload from logs entirely (PII policy)
- CodeRabbit's actionable finding addressed; one optional nitpick (correlation IDs) left open
- 1 minor finding from prior review: `payload` String binding could be scoped tighter
- No dependency, signature, or export changes — zero blast radius

[Phase B] Deep review + posting...
PR #1818: already merged, previously reviewed clean (0 critical, 0 major, 1 minor) → no action needed
REVIEW_ENDED=2026-05-18T06:52:45Z

[Git] Committing and pushing review outputs...
[main 3bd22f1] Review PR #1818
 1 file changed, 241 insertions(+)
 create mode 100644 tinyhumansai-openhuman/.context-PR-1817.md
Current branch main is up to date.

=== Done ===
From github.com:graycyrus/automation-review-pr
 * branch            main       -> FETCH_HEAD
To github.com:graycyrus/automation-review-pr.git
   f2f8c4f..3bd22f1  main -> main
