=== Reviewing PR #1794 ===
REVIEW_STARTED=2026-05-15T18:43:48Z

[Phase A] Gathering intelligence...
Phase A complete. Intelligence context written to `/Users/cyrus/Desktop/automation/review-pr/tinyhumansai-openhuman/.context-PR-1794.md`.

**Key findings for Phase B:**
- **Small, focused PR** — 3 files, +22/-2 lines, single commit
- **Two related fixes**: SSE buffer corruption (clear bug — double-removal after drain) + CJK sentence splitting
- **Buffer fix is correct** — `drain(..=pos)` already removes bytes, the old `buffer[pos+1..]` was indexing into already-drained data
- **CJK splitting has a potential edge case** — the `i + 1 < chars.len()` guard means CJK terminators at end of string won't trigger a split (the trailing `current` will be caught by the function's epilogue, but worth verifying)
- **Test added** for CJK splitting; no test for buffer fix (justified — was a crashing code path)
- **CodeRabbit approved** with no inline comments
- **Refs #1675** (not Closes) — author honestly notes this may not fully fix the duplication issue
- **No dependency/signature/export changes**

[Phase B] Deep review + posting...
PR #1794: fresh, 0 critical, 0 major, 2 minor → moved to to-be-approved
REVIEW_ENDED=2026-05-15T18:48:44Z

[Git] Committing and pushing review outputs...
[main a3f14cc] Review PR #1794
 1 file changed, 29 insertions(+)
 create mode 100644 to-be-approved/PR-1794.md
From github.com:graycyrus/automation-review-pr
 * branch            main       -> FETCH_HEAD
Current branch main is up to date.
To github.com:graycyrus/automation-review-pr.git
   f096ce6..a3f14cc  main -> main

=== Done ===
