=== Reviewing PR #1791 ===
REVIEW_STARTED=2026-05-15T19:42:53Z

[Phase A] Gathering intelligence...
Phase A complete. Intelligence context written to `/Users/cyrus/Desktop/automation/review-pr/tinyhumansai-openhuman/.context-PR-1791.md`.

**Summary of findings:**
- **Clean, focused PR** — 1 commit, 4 files, net -31 lines. Consolidates two parallel auth-retry paths into one in the composio module.
- **Key behavioral change**: `is_post_oauth_auth_readiness_error` in `client.rs` switches from exact match to substring `contains()` — enables matching wrapped gateway messages. Low false-positive risk.
- **Visibility change**: `execute_tool_with_post_oauth_retry` promoted to `pub(super)` so `auth_retry.rs` can call it.
- **Tests properly migrated** — removed tests for deleted functions, added equivalent + expanded tests in `client_tests.rs`.
- **CodeRabbit approved** with 1 nitpick: missing debug log before empty-slug bail in `auth_retry.rs:57-60`.
- **No red flags** — no linked issue is acceptable for this type of dedup/consolidation fix.

[Phase B] Deep review + posting...
PR #1791: fresh, 0 critical, 0 major, 1 minor → moved to to-be-approved
REVIEW_ENDED=2026-05-15T19:49:52Z

[Git] Committing and pushing review outputs...
[main c13b7b6] Review PR #1791
 2 files changed, 28 insertions(+), 348 deletions(-)
 delete mode 100644 tinyhumansai-openhuman/.context-PR-1791.md
 create mode 100644 to-be-approved/PR-1791.md
From github.com:graycyrus/automation-review-pr
 * branch            main       -> FETCH_HEAD
Current branch main is up to date.
To github.com:graycyrus/automation-review-pr.git
   e0ae2f2..c13b7b6  main -> main

=== Done ===
