=== Reviewing PR #2011 ===
REVIEW_STARTED=2026-05-18T08:23:43Z

[Phase A] Gathering intelligence...
Phase A complete. Context file written to `/Users/cyrus/Desktop/automation/review-pr/tinyhumansai-openhuman/.context-PR-2011.md`.

**Key findings:**

1. **BLOCKING: docker-compose.yml missing from diff** — PR description claims it closes #1930 with docker-compose.yml changes, but that file is not in the diff at all. Overclaim.
2. **BLOCKING: Merge conflict** — senamakel already flagged a conflict in `router.rs` with main. Needs rebase.
3. **Known gap: No NFKD decomposition** — CodeRabbit already flagged that precomposed Unicode (e.g., `Ígnore`) still bypasses detection. Not addressed yet.
4. **Partial fix for #1919** — Warning only, no enforcement. PR honestly says "Addresses" not "Closes".
5. **Code quality is good** — shared `is_obfuscation_char()`, correct fullwidth math, 4 well-structured tests, debug logging follows sibling patterns with `[webhooks]` prefix.

[Phase B] Deep review + posting...
PR #2011: fresh, 1 critical, 0 major, 1 minor → REQUEST_CHANGES
REVIEW_ENDED=2026-05-18T08:32:27Z

[Git] Committing and pushing review outputs...
[main b8b2258] Review PR #2011
 3 files changed, 1921 insertions(+), 423 deletions(-)
 delete mode 100644 tinyhumansai-openhuman/.context-PR-2011.md
 create mode 100644 tinyhumansai-openhuman/.context-PR-2054.md
 create mode 100644 tinyhumansai-openhuman/PR-2011.md
From github.com:graycyrus/automation-review-pr
 * branch            main       -> FETCH_HEAD
Current branch main is up to date.
To github.com:graycyrus/automation-review-pr.git
   0d91ed9..b8b2258  main -> main

=== Done ===
