=== Reviewing PR #2145 ===
REVIEW_STARTED=2026-05-19T10:44:09Z

[Phase A] Gathering intelligence...
Phase A intelligence gathering complete. Context file written to `/Users/cyrus/Desktop/automation/review-pr/tinyhumansai-openhuman/.context-PR-2145.md`.

**Key findings for Phase B:**

- **Continuation review** — 5 open graycyrus threads, all with author replies claiming fixes in follow-up commits. All appear addressed in the current diff and are resolution candidates.
- **All CodeRabbit issues resolved** — 11 threads, all addressed. Do not re-flag.
- **PR is well-structured**: 22 files, +3589 lines adding a complete Polymarket integration (venue 1/3 of #1398) with 22 tests, docs, and fixtures.
- **Security concerns from prior review all addressed**: SecurityPolicy enforcement, HTTPS enforcement, credential redaction in Debug impls, panic on builder failure.
- **Test gaps to potentially flag**: No cancel_order happy path test, no credential derivation e2e test, no delete_json retry test.
- **No BLOCKING issues detected** in the three-way verification.

[Phase B] Deep review + posting...
Posted review on PR #2145:
- Walkthrough + change summary + prior findings table (review body)
- 1 inline comment (0 critical, 1 major, 0 minor)
- 5 prior threads replied to and resolved

PR #2145: continuation, 0 critical, 1 major, 0 minor, 5 threads resolved, 0 still open → REQUEST_CHANGES
REVIEW_ENDED=2026-05-19T10:55:58Z

[Git] Committing and pushing review outputs...
[main c48dc2e] Review PR #2145
 2 files changed, 60 insertions(+), 241 deletions(-)
 delete mode 100644 tinyhumansai-openhuman/.context-PR-2145.md
 create mode 100644 tinyhumansai-openhuman/PR-2145.md
From github.com:graycyrus/automation-review-pr
 * branch            main       -> FETCH_HEAD
Current branch main is up to date.
To github.com:graycyrus/automation-review-pr.git
   672a867..c48dc2e  main -> main

=== Done ===
