=== Reviewing PR #1775 ===
REVIEW_STARTED=2026-05-15T20:03:48Z

[Phase A] Gathering intelligence...
Phase A complete. Context file written to `/Users/cyrus/Desktop/automation/review-pr/tinyhumansai-openhuman/.context-PR-1775.md`.

**Key findings:**
- **CRITICAL**: `build.yml` is broken — 113 lines of malformed Polish-language YAML (stale action parameter docs) prepended before the existing Build workflow, making the entire file unparseable. This would kill all CI builds.
- **Irrelevant workflow**: New `deno.yml` added but the project uses Node.js (pnpm) + Rust, not Deno
- **Empty PR description**: All template sections left at defaults, no linked issues, no actual content
- **False checklist**: All submission boxes checked despite none being applicable
- CodeRabbit already requested changes on the same critical issues

[Phase B] Deep review + posting...
PR #1775: fresh, 1 critical, 1 major, 0 minor → REQUEST_CHANGES
REVIEW_ENDED=2026-05-15T20:07:57Z

[Git] Committing and pushing review outputs...
[main 7d8e498] Review PR #1775
 2 files changed, 211 insertions(+)
 create mode 100644 tinyhumansai-openhuman/.context-PR-1794.md
 create mode 100644 tinyhumansai-openhuman/PR-1775.md
From github.com:graycyrus/automation-review-pr
 * branch            main       -> FETCH_HEAD
Current branch main is up to date.
To github.com:graycyrus/automation-review-pr.git
   c13b7b6..7d8e498  main -> main

=== Done ===
