=== Reviewing PR #2054 ===
REVIEW_STARTED=2026-05-18T07:06:35Z

[Phase A] Gathering intelligence...
Context file written to `/Users/cyrus/Desktop/automation/review-pr/tinyhumansai-openhuman/.context-PR-2054.md`.

**Phase A complete.** Key findings for the reviewer:

- **11 files, +1196 -40 lines** across Rust core memory subsystem
- **Closes #1505** — cross-chat context retrieval for same-user threads
- **Two paths**: JSONL substring scan (primary, live chats) + FTS5 fallback (headless/tests)
- **21+ new tests** across 4 files — good coverage but primary JSONL path untested in unit tests
- **CodeRabbit flagged 4 actionable issues** (none addressed yet): dedup gap in working-memory keys, JSON session_id mismatch in fallback exclusion, silent error swallowing in JSONL read, raw query text in debug logs
- **No BLOCKING mismatches** between PR and issue
- **`provenance_tag()` duplicated** identically in two files — DRY opportunity

[Phase B] Deep review + posting...
PR #2054: fresh, 0 critical, 4 major, 1 minor → REQUEST_CHANGES
REVIEW_ENDED=2026-05-18T07:26:40Z

[Git] Committing and pushing review outputs...
[main de84f4c] Review PR #2054
 2 files changed, 32 insertions(+), 1708 deletions(-)
 delete mode 100644 tinyhumansai-openhuman/.context-PR-2054.md
 create mode 100644 tinyhumansai-openhuman/PR-2054.md
From github.com:graycyrus/automation-review-pr
 * branch            main       -> FETCH_HEAD
Current branch main is up to date.
To github.com:graycyrus/automation-review-pr.git
   c55640b..de84f4c  main -> main

=== Done ===
