=== Reviewing PR #2060 ===
REVIEW_STARTED=2026-05-18T08:21:59Z

[Phase A] Gathering intelligence...
Phase A complete. Intelligence context written to `/Users/cyrus/Desktop/automation/review-pr/tinyhumansai-openhuman/.context-PR-2060.md`.

**Key findings for Phase B**:
- **1 file changed**, 14 additions, 6 deletions — small, focused fix
- Switches macOS close handler from `window.hide()` → `app.hide()` and adds `app.show()` before reopen
- **Fixes the asymmetry** that caused the bug: close was hiding at webview level while show operated at app level
- **No tests added** — issue acceptance criteria require regression safety + ≥80% diff coverage
- CodeRabbit approved with no findings — our review covers everything
- Comments and error handling patterns match surrounding code conventions

[Phase B] Deep review + posting...
PR #2060: fresh, 0 critical, 0 major, 2 minor → moved to to-be-approved
REVIEW_ENDED=2026-05-18T08:25:37Z

[Git] Committing and pushing review outputs...
[main fd6b821] Review PR #2060
 3 files changed, 643 insertions(+)
 create mode 100644 tinyhumansai-openhuman/.context-PR-2045.md
 create mode 100644 tinyhumansai-openhuman/.context-PR-2062.md
 create mode 100644 to-be-approved/PR-2060.md
Current branch main is up to date.

=== Done ===
From github.com:graycyrus/automation-review-pr
 * branch            main       -> FETCH_HEAD
To github.com:graycyrus/automation-review-pr.git
   de84f4c..fd6b821  main -> main
