=== Reviewing PR #1789 ===
REVIEW_STARTED=2026-05-15T20:37:55Z

[Phase A] Gathering intelligence...
Phase A complete. Intelligence context written to `/Users/cyrus/Desktop/automation/review-pr/tinyhumansai-openhuman/.context-PR-1789.md`.

**Summary:**
- Docs-only PR (5 files, +117 -89) by @YellowSnnowmann — aligns AI-agent context files with current `main`
- Single focused commit, conventional commit title, thorough PR description
- All major claims verified against the actual codebase (binary name, in-process core, no-op core:stage, QuickJS removal, provider chain, routes, slices, gitbook links)
- CodeRabbit approved but flagged 4 residual "sidecar" references in **unchanged** lines — worth noting but not blocking
- No dependencies, no logic, no tests needed, no impact scan needed
- No prior review by `graycyrus` — this is a fresh review

[Phase B] Deep review + posting...
PR #1789: fresh, 0 critical, 0 major, 0 minor → moved to to-be-approved
REVIEW_ENDED=2026-05-15T20:46:55Z

[Git] Committing and pushing review outputs...
[main e1c2c26] Review PR #1789
 1 file changed, 28 insertions(+)
 create mode 100644 to-be-approved/PR-1789.md
From github.com:graycyrus/automation-review-pr
 * branch            main       -> FETCH_HEAD
Current branch main is up to date.
To github.com:graycyrus/automation-review-pr.git
   eb3b879..e1c2c26  main -> main

=== Done ===
