=== Reviewing PR #1787 ===
REVIEW_STARTED=2026-05-15T11:54:55Z

[Phase A] Gathering intelligence...
Intelligence context written to `/Users/cyrus/Desktop/automation/review-pr/tinyhumansai-openhuman/.context-PR-1787.md`.

**Key findings for the reviewer:**

1. **Well-scoped fix** — Atomic install-start guard replaces a race condition flagged by CodeRabbit on PR #1755. RAII pattern is clean.
2. **Test coverage is strong** — 5 new tests covering slot primitives (sequential, per-engine independence, 32-way concurrent race) and handler-level regressions (both whisper and piper).
3. **One potential bug in tests** — `install_whisper_handler_serializes_concurrent_calls` joins `handle_local_ai_install_whisper` with `handle_local_ai_install_piper` (not two whisper calls). This may be a copy-paste error — the test name says "whisper" but the second call is to the piper handler.
4. **CodeRabbit finding already addressed** — The composio logging fix is resolved; don't re-flag.
5. **Logging pattern is consistent** — `voice_install_common.rs` uses `log::`, `schemas.rs` uses `tracing::` — matches existing crate-level convention.
6. **No dependency/frontend/API changes** — Desktop-only Rust core change.

[Phase B] Deep review + posting...
PR #1787: fresh, 0 critical, 1 major, 0 minor → REQUEST_CHANGES
REVIEW_ENDED=2026-05-15T12:01:42Z

[Git] Committing and pushing review outputs...
[main 55bd02e] Review PR #1787
 1 file changed, 28 insertions(+)
 create mode 100644 tinyhumansai-openhuman/PR-1787.md
From github.com:graycyrus/automation-review-pr
 * branch            main       -> FETCH_HEAD
Current branch main is up to date.
To github.com:graycyrus/automation-review-pr.git
   cf8d711..55bd02e  main -> main

=== Done ===
