=== Reviewing PR #2062 ===
REVIEW_STARTED=2026-05-18T08:21:53Z

[Phase A] Gathering intelligence...
Phase A complete. Context file written to `/Users/cyrus/Desktop/automation/review-pr/tinyhumansai-openhuman/.context-PR-2062.md`.

**Key findings:**
- **Small, focused PR** — 3 files, +106/-30 lines, single commit
- **Partial delivery of #1861** — correctly uses "Refs" not "Closes". Delivers cron panel testids + spec migration only. Missing: taxonomy docs, shared `waitForTestId`/`clickTestId` helpers, coverage for other panels
- **CodeRabbit approved** with zero findings — full review needed from us
- **Testid naming deviates slightly** from issue suggestion (`toggle` instead of separate `pause`/`resume`) — arguably an improvement
- **No dependency, signature, or state shape changes**
- **Author skipped pre-push hook** due to disk space — understandable for frontend-only test changes
- **Test uses `render` directly** instead of project's `renderWithProviders` — worth noting since sibling tests use the shared utility

[Phase B] Deep review + posting...
PR #2062: fresh, 0 critical, 0 major, 2 minor → moved to to-be-approved
REVIEW_ENDED=2026-05-18T08:29:01Z

[Git] Committing and pushing review outputs...
[main 78ae957] Review PR #2062
 2 files changed, 29 insertions(+), 381 deletions(-)
 delete mode 100644 tinyhumansai-openhuman/.context-PR-2062.md
 create mode 100644 to-be-approved/PR-2062.md
From github.com:graycyrus/automation-review-pr
 * branch            main       -> FETCH_HEAD
Current branch main is up to date.
To github.com:graycyrus/automation-review-pr.git
   d9b00a9..78ae957  main -> main

=== Done ===
