=== Reviewing PR #2045 ===
REVIEW_STARTED=2026-05-18T08:22:52Z

[Phase A] Gathering intelligence...
Intelligence gathering complete. Context file written to `.context-PR-2045.md`.

**Key findings for Phase B:**
- **1 file changed** (`image_info.rs`), +87 -2 lines, 4 commits (3 reverted attempts + final focused fix)
- **Security fix**: Adds canonicalize + `is_resolved_path_allowed` to `image_info.rs` — the only filesystem tool that was missing it
- **Closes #1927**: Symlink bypass in path validation
- **Error message inconsistency**: Uses `"Failed to resolve image path"` instead of sibling pattern `"Failed to resolve file path"` — minor
- **CodeRabbit valid finding**: Canonicalizes raw `path` instead of `workspace_dir.join(path_str)` — relative paths would resolve against CWD. May not be exploitable in practice but inconsistent with sibling tools.
- **No logging added** — consistent with sibling tools (CodeRabbit's logging nitpick is inconsistent with codebase convention)
- **Test coverage**: One new symlink escape test (`#[cfg(unix)]`); existing tests cover legitimate paths

[Phase B] Deep review + posting...
PR #2045: fresh, 0 critical, 0 major, 1 minor → moved to to-be-approved
REVIEW_ENDED=2026-05-18T08:27:18Z

[Git] Committing and pushing review outputs...
[main 7b791c6] Review PR #2045
 4 files changed, 878 insertions(+), 233 deletions(-)
 create mode 100644 tinyhumansai-openhuman/.context-PR-2034.md
 delete mode 100644 tinyhumansai-openhuman/.context-PR-2045.md
 create mode 100644 tinyhumansai-openhuman/.context-PR-2053.md
 create mode 100644 to-be-approved/PR-2045.md
From github.com:graycyrus/automation-review-pr
 * branch            main       -> FETCH_HEAD
Current branch main is up to date.
To github.com:graycyrus/automation-review-pr.git
   fd6b821..7b791c6  main -> main

=== Done ===
