=== Reviewing PR #1730 ===
REVIEW_STARTED=2026-05-15T19:42:46Z

[Phase A] Gathering intelligence...
Phase A complete. Intelligence context written to `/Users/cyrus/Desktop/automation/review-pr/tinyhumansai-openhuman/.context-PR-1730.md`.

**Summary**: PR #1730 is a clean, focused fix for IME Enter handling in the chat composer. Single commit by @aqilaziz, 4 files changed (+111/-1). Closes #1718. Three-layer IME guard (React composition events, native `isComposing`, legacy keyCode 229) with comprehensive unit + integration tests and 100% diff coverage. CodeRabbit approved with no findings. No dependency changes, no breaking changes, no scope drift. All issue acceptance criteria addressed.

[Phase B] Deep review + posting...
PR #1730: fresh, 0 critical, 0 major, 0 minor → moved to to-be-approved
REVIEW_ENDED=2026-05-15T19:46:32Z

[Git] Committing and pushing review outputs...
[main e0ae2f2] Review PR #1730
 3 files changed, 375 insertions(+), 28 deletions(-)
 create mode 100644 tinyhumansai-openhuman/.context-PR-1791.md
 create mode 100644 to-be-approved/PR-1730.md
 delete mode 100644 to-be-approved/PR-1818.md
From github.com:graycyrus/automation-review-pr
 * branch            main       -> FETCH_HEAD
Current branch main is up to date.
To github.com:graycyrus/automation-review-pr.git
   aab1fdf..e0ae2f2  main -> main

=== Done ===
