=== Reviewing PR #2069 ===
REVIEW_STARTED=2026-05-18T09:38:03Z

[Phase A] Gathering intelligence...
Intelligence context written to `/Users/cyrus/Desktop/automation/review-pr/tinyhumansai-openhuman/.context-PR-2069.md`.

**Summary**: PR #2069 is a well-documented fix for a SIGBUS stack overflow crash in the composio tool path. 4 files changed (+465/-2), but 382 lines are the new regression test. The fix has two parts: (1) move TOML parsing to `spawn_blocking` so it runs on a fresh thread stack, and (2) bump Tauri's tokio worker stack to 8 MiB. CodeRabbit initially requested changes for a stale doc comment (fixed in commit 3), then approved. One unactioned nitpick about asserting provider turn count in the test. PR is already merged. No prior graycyrus reviews exist — this is a fresh review.

[Phase B] Deep review + posting...
Posted review on PR #2069:
- Walkthrough + change summary + per-file notes (review body)
- 1 inline finding (0 critical, 0 major, 1 minor) — included in body since PR is merged

```
PR #2069: fresh, 0 critical, 0 major, 1 minor, 0 threads resolved, 0 still open → moved to to-be-approved
```
REVIEW_ENDED=2026-05-18T09:45:34Z

[Git] Committing and pushing review outputs...
[main f3d40ea] Review PR #2069
 4 files changed, 2643 insertions(+)
 create mode 100644 tinyhumansai-openhuman/.context-PR-2059.md
 create mode 100644 tinyhumansai-openhuman/.context-PR-2061.md
 create mode 100644 tinyhumansai-openhuman/.context-PR-2064.md
 create mode 100644 to-be-approved/PR-2069.md
From github.com:graycyrus/automation-review-pr
 * branch            main       -> FETCH_HEAD
Current branch main is up to date.
To github.com:graycyrus/automation-review-pr.git
   869dd50..f3d40ea  main -> main

=== Done ===
