=== Reviewing PR #2150 ===
REVIEW_STARTED=2026-05-19T10:44:13Z

[Phase A] Gathering intelligence...
Phase A intelligence gathering complete. Context file written to `/Users/cyrus/Desktop/automation/review-pr/tinyhumansai-openhuman/.context-PR-2150.md`.

**Key findings:**
- **PR #2150**: Adds `remember_preference` tool + always-on pinned-preference injection path (917 lines, 9 files, pure Rust)
- **Author**: @sanil-23 (member), 2 commits
- **CodeRabbit**: Initially CHANGES_REQUESTED with 4 actionable + 2 nitpick findings. All 4 actionable items fixed in commit `a4f8d934`, CodeRabbit re-reviewed and **APPROVED**
- **2 unaddressed nitpicks**: `parse_env_bool` helper not used in load.rs, inline tests should be in sibling file
- **No linked issue** (design-session origin, acceptable)
- **No dependency changes**, no frontend impact, no RPC changes
- **19 tests** added with real SQLite backend (no mocks)
- **Red flag to watch**: `explicit_preferences_enabled` defaults to `true`, meaning an extra memory read on every turn even before any preferences are saved

[Phase B] Deep review + posting...
PR #2150: fresh, 0 critical, 0 major, 2 minor, 0 threads resolved, 0 still open → moved to to-be-approved
REVIEW_ENDED=2026-05-19T10:54:49Z

[Git] Committing and pushing review outputs...
[main 672a867] Review PR #2150
 3 files changed, 224 insertions(+), 2265 deletions(-)
 delete mode 100644 tinyhumansai-openhuman/.context-PR-2150.md
 create mode 100644 to-be-approved/PR-2150.md
From github.com:graycyrus/automation-review-pr
 * branch            main       -> FETCH_HEAD
Current branch main is up to date.
To github.com:graycyrus/automation-review-pr.git
   5f97205..672a867  main -> main

=== Done ===
