=== Reviewing PR #1817 ===
REVIEW_STARTED=2026-05-15T19:05:34Z

[Phase A] Gathering intelligence...
Phase A complete. Intelligence context written to `/Users/cyrus/Desktop/automation/review-pr/tinyhumansai-openhuman/.context-PR-1817.md`.

**Key findings**:
- **Clean, focused PR**: 2 files, +63/-5 lines, fixes a real Sentry panic (OPENHUMAN-TAURI-GW)
- **All acceptance criteria met**: 5 panic sites fixed, regression tests added, uses existing `floor_char_boundary` helper
- **CodeRabbit's one finding was addressed**: Test rewritten in commit 7e1882f to properly exercise the high-risk path (CodeRabbit then approved)
- **Minor test coverage gap**: Only 2 of 5 truncation sites have direct multi-byte test coverage (sites 3-5 use identical code but aren't individually exercised with multi-byte input)
- **No red flags**: No dependency changes, no signature changes, no scope drift

[Phase B] Deep review + posting...
PR #1817: fresh, 0 critical, 0 major, 0 minor → moved to to-be-approved
REVIEW_ENDED=2026-05-15T19:09:18Z

[Git] Committing and pushing review outputs...
[main 0976fa5] Review PR #1817
 2 files changed, 233 insertions(+)
 create mode 100644 tinyhumansai-openhuman/.context-PR-1818.md
 create mode 100644 to-be-approved/PR-1817.md
From github.com:graycyrus/automation-review-pr
 * branch            main       -> FETCH_HEAD
Current branch main is up to date.
To github.com:graycyrus/automation-review-pr.git
   a3f14cc..0976fa5  main -> main

=== Done ===
