=== Reviewing PR #2059 ===
REVIEW_STARTED=2026-05-18T09:38:46Z

[Phase A] Gathering intelligence...
Intelligence context written to `/Users/cyrus/Desktop/automation/review-pr/tinyhumansai-openhuman/.context-PR-2059.md`.

**Key findings for Phase B:**

1. **Fresh review** — no prior graycyrus reviews, no tracking file
2. **Well-structured fix** — mutex-gated schema init + retry with backoff for 3 transient SQLite cold-start codes
3. **All 3 CodeRabbit issues resolved** — FK pragma, n=0 validation, log crate usage. Final CR status: Approved.
4. **Items for review focus** (things CodeRabbit missed):
   - `SCHEMA_APPLY_COUNTS` + `record_schema_apply()` compiled/called in production but only read by `#[cfg(test)]` code — test instrumentation leaking into prod
   - `with_connection` visibility widened `pub(crate)` → `pub` for smoke binary — API surface concern
   - `is_transient_cold_start` classifier has no direct unit test
   - Smoke binary pattern diverges from existing bins (no clap, sync main) — minor style inconsistency for a manual tool

[Phase B] Deep review + posting...
PR #2059: fresh, 2 critical, 2 major, 2 minor, 0 threads resolved, 0 still open → REQUEST_CHANGES

Wait, let me correct that summary — the actual counts are 0 critical, 2 major, 2 minor:

PR #2059: fresh, 0 critical, 2 major, 2 minor, 0 threads resolved, 0 still open → REQUEST_CHANGES
REVIEW_ENDED=2026-05-18T09:47:53Z

[Git] Committing and pushing review outputs...
[main 50ad9ad] Review PR #2059
 2 files changed, 33 insertions(+), 646 deletions(-)
 delete mode 100644 tinyhumansai-openhuman/.context-PR-2059.md
 create mode 100644 tinyhumansai-openhuman/PR-2059.md
Current branch main is up to date.

=== Done ===
From github.com:graycyrus/automation-review-pr
 * branch            main       -> FETCH_HEAD
To github.com:graycyrus/automation-review-pr.git
   26b4ea2..50ad9ad  main -> main
