=== Reviewing PR #2034 ===
REVIEW_STARTED=2026-05-18T08:23:35Z

[Phase A] Gathering intelligence...
Phase A complete. Context file written to `/Users/cyrus/Desktop/automation/review-pr/tinyhumansai-openhuman/.context-PR-2034.md`.

**Key findings for Phase B:**

1. **Critical (CodeRabbit already flagged)**: `resolve_existing_path_prefix` uses `current.exists()` which follows symlinks — dangling symlinks bypass the check entirely. This is a real escape vector for write operations.

2. **Nitpick (CodeRabbit already flagged)**: No debug/trace logging on rejection — inconsistent with surrounding code patterns.

3. **Our unique observations** (not covered by CodeRabbit):
   - Test assertion loosening in `file_read.rs` and `file_write.rs` is appropriate — security invariant still tested
   - The approach (defense-in-depth rather than merging functions) is valid
   - Missing test for dangling symlink case
   - No export/signature changes — safe from callers' perspective

[Phase B] Deep review + posting...
PR #2034: fresh, 0 critical, 1 major, 1 minor → REQUEST_CHANGES
REVIEW_ENDED=2026-05-18T08:28:07Z

[Git] Committing and pushing review outputs...
[main d9b00a9] Review PR #2034
 3 files changed, 452 insertions(+), 279 deletions(-)
 create mode 100644 tinyhumansai-openhuman/.context-PR-2011.md
 delete mode 100644 tinyhumansai-openhuman/.context-PR-2034.md
 create mode 100644 tinyhumansai-openhuman/PR-2034.md
From github.com:graycyrus/automation-review-pr
 * branch            main       -> FETCH_HEAD
Current branch main is up to date.
To github.com:graycyrus/automation-review-pr.git
   7b791c6..d9b00a9  main -> main

=== Done ===
