=== Reviewing PR #1798 ===
REVIEW_STARTED=2026-05-15T13:27:24Z

[Phase A] Gathering intelligence...
Context file written to `/Users/cyrus/Desktop/automation/review-pr/tinyhumansai-openhuman/.context-PR-1798.md`. Phase A complete.

**Key findings summary:**
- **Fresh review** of a well-documented Sentry classifier extension PR by @oxoxDev
- Closes #1608 (partially — classifier only, no retry-with-backoff per maintainer decision)
- 5 files, +581/-59 lines — bulk is tests + doc comments; core logic changes are small
- Both CodeRabbit findings already addressed (missing `status` tag, overly permissive retry assertion)
- No dependency changes, no frontend changes, no signature-breaking changes
- Cross-module dependency on `contains_transient_transport_phrase` needs pub visibility verification
- Test coverage is thorough: 11 new tests pinning specific Sentry wire shapes with positive and negative cases

[Phase B] Deep review + posting...
PR #1798: fresh, 0 critical, 0 major, 1 minor → moved to to-be-approved
REVIEW_ENDED=2026-05-15T13:38:39Z

[Git] Committing and pushing review outputs...
[main a24701a] Review PR #1798
 1 file changed, 28 insertions(+)
 create mode 100644 to-be-approved/PR-1798.md
From github.com:graycyrus/automation-review-pr
 * branch            main       -> FETCH_HEAD
Current branch main is up to date.
To github.com:graycyrus/automation-review-pr.git
   1eba00b..a24701a  main -> main

=== Done ===
