=== Reviewing PR #2059 ===
REVIEW_STARTED=2026-05-19T10:41:47Z

[Phase A] Gathering intelligence...
Intelligence context file written to `/Users/cyrus/Desktop/automation/review-pr/tinyhumansai-openhuman/.context-PR-2059.md`.

**Summary**: This is a **continuation review** of PR #2059. All 4 findings from the previous `graycyrus` review have been addressed by the author in follow-up commits. The PR fixes ~19k Sentry events/day from concurrent SQLite WAL/SHM bootstrap races in the memory_tree worker pool. Key items for Phase B:
- 4 unresolved graycyrus threads are all candidates for resolution (fixes verified in current diff)
- All CodeRabbit findings already resolved
- No new issues apparent — author addressed everything cleanly
- One bonus fix: wallet test race condition (TEST_LOCK guard)
- Latest commit is a merge from upstream/main

[Phase B] Deep review + posting...
Posted review on PR #2059:
- Walkthrough + resolution summary (review body)
- 0 inline comments (0 critical, 0 major, 0 minor)
- 4 prior threads replied to and resolved

PR #2059: continuation, 0 critical, 0 major, 0 minor, 4 threads resolved, 0 still open → COMMENT previous changes addressed, moved to to-be-approved
REVIEW_ENDED=2026-05-19T10:49:45Z

[Git] Committing and pushing review outputs...
[main 5f97205] Review PR #2059
 3 files changed, 52 insertions(+), 816 deletions(-)
 delete mode 100644 tinyhumansai-openhuman/.context-PR-2059.md
 delete mode 100644 tinyhumansai-openhuman/PR-2059.md
 create mode 100644 to-be-approved/PR-2059.md
From github.com:graycyrus/automation-review-pr
 * branch            main       -> FETCH_HEAD
Current branch main is up to date.
To github.com:graycyrus/automation-review-pr.git
   0e612b3..5f97205  main -> main

=== Done ===
