=== Reviewing PR #2054 ===
REVIEW_STARTED=2026-05-18T09:38:52Z

[Phase A] Gathering intelligence...
Context file written to `/Users/cyrus/Desktop/automation/review-pr/tinyhumansai-openhuman/.context-PR-2054.md`.

**Phase A complete.** Key findings for Phase B:

- **Review type**: Continuation (Review 3) — 3 findings from Review 2 remain **OPEN** with no author response or fix commits
- **Major open issue**: `CONVERSATION_STORE_LOCK` held for entire I/O-bound JSONL scan (`store.rs:138`) — blocks concurrent writes on every user message
- **2 minor open issues**: magic number `.take(8)` needs named constant; `DefaultHasher` stability comment
- **All 5 Review 1 findings + all 4 CodeRabbit findings**: confirmed addressed
- **No new commits** since last review (2ff581bd is still latest)

[Phase B] Deep review + posting...
PR #2054: continuation, 1 critical, 0 major (1 carried major), 3 minor (2 carried + 1 new), 1 thread resolved, 3 still open → COMMENT prior changes still unaddressed
REVIEW_ENDED=2026-05-18T09:56:56Z

[Git] Committing and pushing review outputs...
[main 37a2cb8] Review PR #2054
 3 files changed, 25 insertions(+), 1923 deletions(-)
 delete mode 100644 tinyhumansai-openhuman/.context-PR-2054.md
 delete mode 100644 to-be-approved/PR-2069.md
Current branch main is up to date.

=== Done ===
From github.com:graycyrus/automation-review-pr
 * branch            main       -> FETCH_HEAD
To github.com:graycyrus/automation-review-pr.git
   50ad9ad..37a2cb8  main -> main
