=== Reviewing PR #1787 ===
REVIEW_STARTED=2026-05-15T13:49:05Z

[Phase A] Gathering intelligence...
Phase A intelligence gathering complete. Context file written to `/tinyhumansai-openhuman/.context-PR-1787.md`.

**Key findings for Phase B:**

1. **Prior review error**: The previous graycyrus CHANGES_REQUESTED flagged a copy-paste bug that doesn't exist — both `tokio::join!` arms in the whisper test correctly call `handle_local_ai_install_whisper`. The author's pushback is valid. This needs to be resolved.

2. **Code quality is high**: Clean RAII guard design, correct Drop semantics (handles poisoned mutex), separate locks for status polling vs. install gating, thorough test coverage including a 32-way concurrent race test.

3. **CodeRabbit findings resolved**: The only actionable CodeRabbit finding (logging on `execute_tool_once`) was addressed. CodeRabbit approved.

4. **Minor note**: `log::` vs `tracing::` crate mismatch within local_ai module, but consistent with per-file conventions. Not blocking.

5. **No dependency, signature, or frontend changes**. Pure Rust core fix.

[Phase B] Deep review + posting...
Posted review on PR #1787:
- Walkthrough + change summary + per-file analysis (review body)
- 0 inline comments (0 critical, 0 major, 1 minor noted in body)

PR #1787: continuation, 0 critical, 0 major, 1 minor → moved to to-be-approved
REVIEW_ENDED=2026-05-15T13:55:55Z

[Git] Committing and pushing review outputs...
[main 61f730d] Review PR #1787
 1 file changed, 21 insertions(+), 2 deletions(-)
 rename {tinyhumansai-openhuman => to-be-approved}/PR-1787.md (53%)
Current branch main is up to date.

=== Done ===
From github.com:graycyrus/automation-review-pr
 * branch            main       -> FETCH_HEAD
To github.com:graycyrus/automation-review-pr.git
   914f8fa..61f730d  main -> main
